<?xml version="1.0" encoding="UTF-8"?>
<!-- Generated by org.testng.reporters.JUnitReportReporter -->
<testsuite hostname="SHAKEEL-VAIO" failures="0" tests="1" name="Edge.microdost.RestAssured1" time="10.998" errors="0" timestamp="2020-08-15T09:54:29 IST" skipped="0">
  <testcase classname="Edge.microdost.RestAssured1" name="Case1" time="10.998"/>
  <system-out/>
</testsuite> <!-- Edge.microdost.RestAssured1 -->
