<?xml version="1.0" encoding="UTF-8"?>
<!-- Generated by org.testng.reporters.JUnitReportReporter -->
<testsuite skipped="0" hostname="SHAKEEL-VAIO" name="Edge.microdost.RestAssured1" tests="1" failures="0" timestamp="2020-08-16T22:08:25 IST" time="63.788" errors="0">
  <testcase name="Case1" time="63.788" classname="Edge.microdost.RestAssured1"/>
  <system-out/>
</testsuite> <!-- Edge.microdost.RestAssured1 -->
